<?xml version="1.0" encoding="UTF-8"?>
<testng-results skipped="0" failed="0" total="1" passed="1">
  <reporter-output>
  </reporter-output>
  <suite name="Default suite" duration-ms="9501" started-at="2021-10-30T17:35:56Z" finished-at="2021-10-30T17:36:05Z">
    <groups>
    </groups>
    <test name="Default test" duration-ms="9501" started-at="2021-10-30T17:35:56Z" finished-at="2021-10-30T17:36:05Z">
      <class name="CrudoperatonsBDD.Createprojectusingjsonfile">
        <test-method status="PASS" signature="createprojectusingjsonfile()[pri:0, instance:CrudoperatonsBDD.Createprojectusingjsonfile@546a03af]" name="createprojectusingjsonfile" duration-ms="9406" started-at="2021-10-30T23:05:56Z" finished-at="2021-10-30T23:06:05Z">
          <reporter-output>
          </reporter-output>
        </test-method> <!-- createprojectusingjsonfile -->
      </class> <!-- CrudoperatonsBDD.Createprojectusingjsonfile -->
    </test> <!-- Default test -->
  </suite> <!-- Default suite -->
</testng-results>
